<?xml version="1.0" encoding="UTF-8"?>
<testsuite xmlns:xsi="http://www.w3.org/2001/XMLSchema-instance" xsi:noNamespaceSchemaLocation="https://maven.apache.org/surefire/maven-surefire-plugin/xsd/surefire-test-report-3.0.xsd" version="3.0" name="TestSuite" time="2.071" tests="4" errors="0" skipped="0" failures="0">
  <properties>
    <property name="sun.desktop" value="windows"/>
    <property name="awt.toolkit" value="sun.awt.windows.WToolkit"/>
    <property name="file.encoding.pkg" value="sun.io"/>
    <property name="java.specification.version" value="1.8"/>
    <property name="sun.cpu.isalist" value="amd64"/>
    <property name="sun.jnu.encoding" value="Cp1252"/>
    <property name="java.class.path" value="C:\HybridFramework\Mavenjava\target\test-classes;C:\HybridFramework\Mavenjava\target\classes;C:\HybridFramework\Mavenjava\Users\Sankarakarthikeyan\.m2\repository\org\seleniumhq\selenium\selenium-java\3.9.1\selenium-java-3.9.1.jar;C:\HybridFramework\Mavenjava\Users\Sankarakarthikeyan\.m2\repository\org\seleniumhq\selenium\selenium-api\3.9.1\selenium-api-3.9.1.jar;C:\HybridFramework\Mavenjava\Users\Sankarakarthikeyan\.m2\repository\org\seleniumhq\selenium\selenium-chrome-driver\3.9.1\selenium-chrome-driver-3.9.1.jar;C:\HybridFramework\Mavenjava\Users\Sankarakarthikeyan\.m2\repository\org\seleniumhq\selenium\selenium-edge-driver\3.9.1\selenium-edge-driver-3.9.1.jar;C:\HybridFramework\Mavenjava\Users\Sankarakarthikeyan\.m2\repository\org\seleniumhq\selenium\selenium-firefox-driver\3.9.1\selenium-firefox-driver-3.9.1.jar;C:\HybridFramework\Mavenjava\Users\Sankarakarthikeyan\.m2\repository\org\seleniumhq\selenium\selenium-ie-driver\3.9.1\selenium-ie-driver-3.9.1.jar;C:\HybridFramework\Mavenjava\Users\Sankarakarthikeyan\.m2\repository\org\seleniumhq\selenium\selenium-opera-driver\3.9.1\selenium-opera-driver-3.9.1.jar;C:\HybridFramework\Mavenjava\Users\Sankarakarthikeyan\.m2\repository\org\seleniumhq\selenium\selenium-remote-driver\3.9.1\selenium-remote-driver-3.9.1.jar;C:\HybridFramework\Mavenjava\Users\Sankarakarthikeyan\.m2\repository\org\seleniumhq\selenium\selenium-safari-driver\3.9.1\selenium-safari-driver-3.9.1.jar;C:\HybridFramework\Mavenjava\Users\Sankarakarthikeyan\.m2\repository\org\seleniumhq\selenium\selenium-support\3.9.1\selenium-support-3.9.1.jar;C:\HybridFramework\Mavenjava\Users\Sankarakarthikeyan\.m2\repository\net\bytebuddy\byte-buddy\1.7.9\byte-buddy-1.7.9.jar;C:\HybridFramework\Mavenjava\Users\Sankarakarthikeyan\.m2\repository\org\apache\commons\commons-exec\1.3\commons-exec-1.3.jar;C:\HybridFramework\Mavenjava\Users\Sankarakarthikeyan\.m2\repository\commons-codec\commons-codec\1.10\commons-codec-1.10.jar;C:\HybridFramework\Mavenjava\Users\Sankarakarthikeyan\.m2\repository\commons-logging\commons-logging\1.2\commons-logging-1.2.jar;C:\HybridFramework\Mavenjava\Users\Sankarakarthikeyan\.m2\repository\com\google\code\gson\gson\2.8.2\gson-2.8.2.jar;C:\HybridFramework\Mavenjava\Users\Sankarakarthikeyan\.m2\repository\com\google\guava\guava\23.6-jre\guava-23.6-jre.jar;C:\HybridFramework\Mavenjava\Users\Sankarakarthikeyan\.m2\repository\com\google\code\findbugs\jsr305\1.3.9\jsr305-1.3.9.jar;C:\HybridFramework\Mavenjava\Users\Sankarakarthikeyan\.m2\repository\org\checkerframework\checker-compat-qual\2.0.0\checker-compat-qual-2.0.0.jar;C:\HybridFramework\Mavenjava\Users\Sankarakarthikeyan\.m2\repository\com\google\errorprone\error_prone_annotations\2.1.3\error_prone_annotations-2.1.3.jar;C:\HybridFramework\Mavenjava\Users\Sankarakarthikeyan\.m2\repository\com\google\j2objc\j2objc-annotations\1.1\j2objc-annotations-1.1.jar;C:\HybridFramework\Mavenjava\Users\Sankarakarthikeyan\.m2\repository\org\codehaus\mojo\animal-sniffer-annotations\1.14\animal-sniffer-annotations-1.14.jar;C:\HybridFramework\Mavenjava\Users\Sankarakarthikeyan\.m2\repository\org\apache\httpcomponents\httpclient\4.5.3\httpclient-4.5.3.jar;C:\HybridFramework\Mavenjava\Users\Sankarakarthikeyan\.m2\repository\org\apache\httpcomponents\httpcore\4.4.6\httpcore-4.4.6.jar;C:\HybridFramework\Mavenjava\Users\Sankarakarthikeyan\.m2\repository\com\squareup\okhttp3\okhttp\3.9.1\okhttp-3.9.1.jar;C:\HybridFramework\Mavenjava\Users\Sankarakarthikeyan\.m2\repository\com\squareup\okio\okio\1.13.0\okio-1.13.0.jar;C:\HybridFramework\Mavenjava\Users\Sankarakarthikeyan\.m2\repository\junit\junit\3.8.1\junit-3.8.1.jar;C:\HybridFramework\Mavenjava\Users\Sankarakarthikeyan\.m2\repository\org\testng\testng\6.14.2\testng-6.14.2.jar;C:\HybridFramework\Mavenjava\Users\Sankarakarthikeyan\.m2\repository\com\beust\jcommander\1.72\jcommander-1.72.jar;C:\HybridFramework\Mavenjava\Users\Sankarakarthikeyan\.m2\repository\org\apache-extras\beanshell\bsh\2.0b6\bsh-2.0b6.jar;C:\HybridFramework\Mavenjava\Users\Sankarakarthikeyan\.m2\repository\io\rest-assured\rest-assured\3.0.6\rest-assured-3.0.6.jar;C:\HybridFramework\Mavenjava\Users\Sankarakarthikeyan\.m2\repository\org\codehaus\groovy\groovy\2.4.12\groovy-2.4.12.jar;C:\HybridFramework\Mavenjava\Users\Sankarakarthikeyan\.m2\repository\org\codehaus\groovy\groovy-xml\2.4.12\groovy-xml-2.4.12.jar;C:\HybridFramework\Mavenjava\Users\Sankarakarthikeyan\.m2\repository\org\apache\httpcomponents\httpmime\4.5.1\httpmime-4.5.1.jar;C:\HybridFramework\Mavenjava\Users\Sankarakarthikeyan\.m2\repository\org\hamcrest\hamcrest-core\1.3\hamcrest-core-1.3.jar;C:\HybridFramework\Mavenjava\Users\Sankarakarthikeyan\.m2\repository\org\hamcrest\hamcrest-library\1.3\hamcrest-library-1.3.jar;C:\HybridFramework\Mavenjava\Users\Sankarakarthikeyan\.m2\repository\org\ccil\cowan\tagsoup\tagsoup\1.2.1\tagsoup-1.2.1.jar;C:\HybridFramework\Mavenjava\Users\Sankarakarthikeyan\.m2\repository\io\rest-assured\json-path\3.0.6\json-path-3.0.6.jar;C:\HybridFramework\Mavenjava\Users\Sankarakarthikeyan\.m2\repository\org\codehaus\groovy\groovy-json\2.4.12\groovy-json-2.4.12.jar;C:\HybridFramework\Mavenjava\Users\Sankarakarthikeyan\.m2\repository\io\rest-assured\rest-assured-common\3.0.6\rest-assured-common-3.0.6.jar;C:\HybridFramework\Mavenjava\Users\Sankarakarthikeyan\.m2\repository\io\rest-assured\xml-path\3.0.6\xml-path-3.0.6.jar;C:\HybridFramework\Mavenjava\Users\Sankarakarthikeyan\.m2\repository\javax\xml\bind\jaxb-api\2.2.12\jaxb-api-2.2.12.jar;C:\HybridFramework\Mavenjava\Users\Sankarakarthikeyan\.m2\repository\io\appium\java-client\6.1.0\java-client-6.1.0.jar;C:\HybridFramework\Mavenjava\Users\Sankarakarthikeyan\.m2\repository\cglib\cglib\3.2.6\cglib-3.2.6.jar;C:\HybridFramework\Mavenjava\Users\Sankarakarthikeyan\.m2\repository\org\ow2\asm\asm\6.0\asm-6.0.jar;C:\HybridFramework\Mavenjava\Users\Sankarakarthikeyan\.m2\repository\org\apache\ant\ant\1.9.6\ant-1.9.6.jar;C:\HybridFramework\Mavenjava\Users\Sankarakarthikeyan\.m2\repository\org\apache\ant\ant-launcher\1.9.6\ant-launcher-1.9.6.jar;C:\HybridFramework\Mavenjava\Users\Sankarakarthikeyan\.m2\repository\commons-validator\commons-validator\1.6\commons-validator-1.6.jar;C:\HybridFramework\Mavenjava\Users\Sankarakarthikeyan\.m2\repository\commons-beanutils\commons-beanutils\1.9.2\commons-beanutils-1.9.2.jar;C:\HybridFramework\Mavenjava\Users\Sankarakarthikeyan\.m2\repository\commons-digester\commons-digester\1.8.1\commons-digester-1.8.1.jar;C:\HybridFramework\Mavenjava\Users\Sankarakarthikeyan\.m2\repository\commons-collections\commons-collections\3.2.2\commons-collections-3.2.2.jar;C:\HybridFramework\Mavenjava\Users\Sankarakarthikeyan\.m2\repository\org\apache\commons\commons-lang3\3.7\commons-lang3-3.7.jar;C:\HybridFramework\Mavenjava\Users\Sankarakarthikeyan\.m2\repository\commons-io\commons-io\2.6\commons-io-2.6.jar;C:\HybridFramework\Mavenjava\Users\Sankarakarthikeyan\.m2\repository\org\springframework\spring-context\5.0.5.RELEASE\spring-context-5.0.5.RELEASE.jar;C:\HybridFramework\Mavenjava\Users\Sankarakarthikeyan\.m2\repository\org\springframework\spring-aop\5.0.5.RELEASE\spring-aop-5.0.5.RELEASE.jar;C:\HybridFramework\Mavenjava\Users\Sankarakarthikeyan\.m2\repository\org\springframework\spring-beans\5.0.5.RELEASE\spring-beans-5.0.5.RELEASE.jar;C:\HybridFramework\Mavenjava\Users\Sankarakarthikeyan\.m2\repository\org\springframework\spring-core\5.0.5.RELEASE\spring-core-5.0.5.RELEASE.jar;C:\HybridFramework\Mavenjava\Users\Sankarakarthikeyan\.m2\repository\org\springframework\spring-jcl\5.0.5.RELEASE\spring-jcl-5.0.5.RELEASE.jar;C:\HybridFramework\Mavenjava\Users\Sankarakarthikeyan\.m2\repository\org\springframework\spring-expression\5.0.5.RELEASE\spring-expression-5.0.5.RELEASE.jar;C:\HybridFramework\Mavenjava\Users\Sankarakarthikeyan\.m2\repository\org\aspectj\aspectjweaver\1.9.1\aspectjweaver-1.9.1.jar;C:\HybridFramework\Mavenjava\Users\Sankarakarthikeyan\.m2\repository\org\openpnp\opencv\3.2.0-1\opencv-3.2.0-1.jar;"/>
    <property name="java.vm.vendor" value="Oracle Corporation"/>
    <property name="sun.arch.data.model" value="64"/>
    <property name="user.variant" value=""/>
    <property name="java.vendor.url" value="http://java.oracle.com/"/>
    <property name="user.timezone" value="Asia/Calcutta"/>
    <property name="java.vm.specification.version" value="1.8"/>
    <property name="os.name" value="Windows 10"/>
    <property name="user.country" value="IN"/>
    <property name="sun.java.launcher" value="SUN_STANDARD"/>
    <property name="sun.boot.library.path" value="C:\Program Files\Java\jdk1.8.0_241\jre\bin"/>
    <property name="sun.java.command" value="C:\Users\Sankarakarthikeyan\AppData\Local\Temp\surefire4513355305155728191\surefirebooter8181825796166815860.jar C:\Users\Sankarakarthikeyan\AppData\Local\Temp\surefire4513355305155728191 2020-07-04T19-36-05_685-jvmRun1 surefire4578146130761684619tmp surefire_03078036408132040004tmp"/>
    <property name="surefire.test.class.path" value="C:\HybridFramework\Mavenjava\target\test-classes;C:\HybridFramework\Mavenjava\target\classes;C:\HybridFramework\Mavenjava\Users\Sankarakarthikeyan\.m2\repository\org\seleniumhq\selenium\selenium-java\3.9.1\selenium-java-3.9.1.jar;C:\HybridFramework\Mavenjava\Users\Sankarakarthikeyan\.m2\repository\org\seleniumhq\selenium\selenium-api\3.9.1\selenium-api-3.9.1.jar;C:\HybridFramework\Mavenjava\Users\Sankarakarthikeyan\.m2\repository\org\seleniumhq\selenium\selenium-chrome-driver\3.9.1\selenium-chrome-driver-3.9.1.jar;C:\HybridFramework\Mavenjava\Users\Sankarakarthikeyan\.m2\repository\org\seleniumhq\selenium\selenium-edge-driver\3.9.1\selenium-edge-driver-3.9.1.jar;C:\HybridFramework\Mavenjava\Users\Sankarakarthikeyan\.m2\repository\org\seleniumhq\selenium\selenium-firefox-driver\3.9.1\selenium-firefox-driver-3.9.1.jar;C:\HybridFramework\Mavenjava\Users\Sankarakarthikeyan\.m2\repository\org\seleniumhq\selenium\selenium-ie-driver\3.9.1\selenium-ie-driver-3.9.1.jar;C:\HybridFramework\Mavenjava\Users\Sankarakarthikeyan\.m2\repository\org\seleniumhq\selenium\selenium-opera-driver\3.9.1\selenium-opera-driver-3.9.1.jar;C:\HybridFramework\Mavenjava\Users\Sankarakarthikeyan\.m2\repository\org\seleniumhq\selenium\selenium-remote-driver\3.9.1\selenium-remote-driver-3.9.1.jar;C:\HybridFramework\Mavenjava\Users\Sankarakarthikeyan\.m2\repository\org\seleniumhq\selenium\selenium-safari-driver\3.9.1\selenium-safari-driver-3.9.1.jar;C:\HybridFramework\Mavenjava\Users\Sankarakarthikeyan\.m2\repository\org\seleniumhq\selenium\selenium-support\3.9.1\selenium-support-3.9.1.jar;C:\HybridFramework\Mavenjava\Users\Sankarakarthikeyan\.m2\repository\net\bytebuddy\byte-buddy\1.7.9\byte-buddy-1.7.9.jar;C:\HybridFramework\Mavenjava\Users\Sankarakarthikeyan\.m2\repository\org\apache\commons\commons-exec\1.3\commons-exec-1.3.jar;C:\HybridFramework\Mavenjava\Users\Sankarakarthikeyan\.m2\repository\commons-codec\commons-codec\1.10\commons-codec-1.10.jar;C:\HybridFramework\Mavenjava\Users\Sankarakarthikeyan\.m2\repository\commons-logging\commons-logging\1.2\commons-logging-1.2.jar;C:\HybridFramework\Mavenjava\Users\Sankarakarthikeyan\.m2\repository\com\google\code\gson\gson\2.8.2\gson-2.8.2.jar;C:\HybridFramework\Mavenjava\Users\Sankarakarthikeyan\.m2\repository\com\google\guava\guava\23.6-jre\guava-23.6-jre.jar;C:\HybridFramework\Mavenjava\Users\Sankarakarthikeyan\.m2\repository\com\google\code\findbugs\jsr305\1.3.9\jsr305-1.3.9.jar;C:\HybridFramework\Mavenjava\Users\Sankarakarthikeyan\.m2\repository\org\checkerframework\checker-compat-qual\2.0.0\checker-compat-qual-2.0.0.jar;C:\HybridFramework\Mavenjava\Users\Sankarakarthikeyan\.m2\repository\com\google\errorprone\error_prone_annotations\2.1.3\error_prone_annotations-2.1.3.jar;C:\HybridFramework\Mavenjava\Users\Sankarakarthikeyan\.m2\repository\com\google\j2objc\j2objc-annotations\1.1\j2objc-annotations-1.1.jar;C:\HybridFramework\Mavenjava\Users\Sankarakarthikeyan\.m2\repository\org\codehaus\mojo\animal-sniffer-annotations\1.14\animal-sniffer-annotations-1.14.jar;C:\HybridFramework\Mavenjava\Users\Sankarakarthikeyan\.m2\repository\org\apache\httpcomponents\httpclient\4.5.3\httpclient-4.5.3.jar;C:\HybridFramework\Mavenjava\Users\Sankarakarthikeyan\.m2\repository\org\apache\httpcomponents\httpcore\4.4.6\httpcore-4.4.6.jar;C:\HybridFramework\Mavenjava\Users\Sankarakarthikeyan\.m2\repository\com\squareup\okhttp3\okhttp\3.9.1\okhttp-3.9.1.jar;C:\HybridFramework\Mavenjava\Users\Sankarakarthikeyan\.m2\repository\com\squareup\okio\okio\1.13.0\okio-1.13.0.jar;C:\HybridFramework\Mavenjava\Users\Sankarakarthikeyan\.m2\repository\junit\junit\3.8.1\junit-3.8.1.jar;C:\HybridFramework\Mavenjava\Users\Sankarakarthikeyan\.m2\repository\org\testng\testng\6.14.2\testng-6.14.2.jar;C:\HybridFramework\Mavenjava\Users\Sankarakarthikeyan\.m2\repository\com\beust\jcommander\1.72\jcommander-1.72.jar;C:\HybridFramework\Mavenjava\Users\Sankarakarthikeyan\.m2\repository\org\apache-extras\beanshell\bsh\2.0b6\bsh-2.0b6.jar;C:\HybridFramework\Mavenjava\Users\Sankarakarthikeyan\.m2\repository\io\rest-assured\rest-assured\3.0.6\rest-assured-3.0.6.jar;C:\HybridFramework\Mavenjava\Users\Sankarakarthikeyan\.m2\repository\org\codehaus\groovy\groovy\2.4.12\groovy-2.4.12.jar;C:\HybridFramework\Mavenjava\Users\Sankarakarthikeyan\.m2\repository\org\codehaus\groovy\groovy-xml\2.4.12\groovy-xml-2.4.12.jar;C:\HybridFramework\Mavenjava\Users\Sankarakarthikeyan\.m2\repository\org\apache\httpcomponents\httpmime\4.5.1\httpmime-4.5.1.jar;C:\HybridFramework\Mavenjava\Users\Sankarakarthikeyan\.m2\repository\org\hamcrest\hamcrest-core\1.3\hamcrest-core-1.3.jar;C:\HybridFramework\Mavenjava\Users\Sankarakarthikeyan\.m2\repository\org\hamcrest\hamcrest-library\1.3\hamcrest-library-1.3.jar;C:\HybridFramework\Mavenjava\Users\Sankarakarthikeyan\.m2\repository\org\ccil\cowan\tagsoup\tagsoup\1.2.1\tagsoup-1.2.1.jar;C:\HybridFramework\Mavenjava\Users\Sankarakarthikeyan\.m2\repository\io\rest-assured\json-path\3.0.6\json-path-3.0.6.jar;C:\HybridFramework\Mavenjava\Users\Sankarakarthikeyan\.m2\repository\org\codehaus\groovy\groovy-json\2.4.12\groovy-json-2.4.12.jar;C:\HybridFramework\Mavenjava\Users\Sankarakarthikeyan\.m2\repository\io\rest-assured\rest-assured-common\3.0.6\rest-assured-common-3.0.6.jar;C:\HybridFramework\Mavenjava\Users\Sankarakarthikeyan\.m2\repository\io\rest-assured\xml-path\3.0.6\xml-path-3.0.6.jar;C:\HybridFramework\Mavenjava\Users\Sankarakarthikeyan\.m2\repository\javax\xml\bind\jaxb-api\2.2.12\jaxb-api-2.2.12.jar;C:\HybridFramework\Mavenjava\Users\Sankarakarthikeyan\.m2\repository\io\appium\java-client\6.1.0\java-client-6.1.0.jar;C:\HybridFramework\Mavenjava\Users\Sankarakarthikeyan\.m2\repository\cglib\cglib\3.2.6\cglib-3.2.6.jar;C:\HybridFramework\Mavenjava\Users\Sankarakarthikeyan\.m2\repository\org\ow2\asm\asm\6.0\asm-6.0.jar;C:\HybridFramework\Mavenjava\Users\Sankarakarthikeyan\.m2\repository\org\apache\ant\ant\1.9.6\ant-1.9.6.jar;C:\HybridFramework\Mavenjava\Users\Sankarakarthikeyan\.m2\repository\org\apache\ant\ant-launcher\1.9.6\ant-launcher-1.9.6.jar;C:\HybridFramework\Mavenjava\Users\Sankarakarthikeyan\.m2\repository\commons-validator\commons-validator\1.6\commons-validator-1.6.jar;C:\HybridFramework\Mavenjava\Users\Sankarakarthikeyan\.m2\repository\commons-beanutils\commons-beanutils\1.9.2\commons-beanutils-1.9.2.jar;C:\HybridFramework\Mavenjava\Users\Sankarakarthikeyan\.m2\repository\commons-digester\commons-digester\1.8.1\commons-digester-1.8.1.jar;C:\HybridFramework\Mavenjava\Users\Sankarakarthikeyan\.m2\repository\commons-collections\commons-collections\3.2.2\commons-collections-3.2.2.jar;C:\HybridFramework\Mavenjava\Users\Sankarakarthikeyan\.m2\repository\org\apache\commons\commons-lang3\3.7\commons-lang3-3.7.jar;C:\HybridFramework\Mavenjava\Users\Sankarakarthikeyan\.m2\repository\commons-io\commons-io\2.6\commons-io-2.6.jar;C:\HybridFramework\Mavenjava\Users\Sankarakarthikeyan\.m2\repository\org\springframework\spring-context\5.0.5.RELEASE\spring-context-5.0.5.RELEASE.jar;C:\HybridFramework\Mavenjava\Users\Sankarakarthikeyan\.m2\repository\org\springframework\spring-aop\5.0.5.RELEASE\spring-aop-5.0.5.RELEASE.jar;C:\HybridFramework\Mavenjava\Users\Sankarakarthikeyan\.m2\repository\org\springframework\spring-beans\5.0.5.RELEASE\spring-beans-5.0.5.RELEASE.jar;C:\HybridFramework\Mavenjava\Users\Sankarakarthikeyan\.m2\repository\org\springframework\spring-core\5.0.5.RELEASE\spring-core-5.0.5.RELEASE.jar;C:\HybridFramework\Mavenjava\Users\Sankarakarthikeyan\.m2\repository\org\springframework\spring-jcl\5.0.5.RELEASE\spring-jcl-5.0.5.RELEASE.jar;C:\HybridFramework\Mavenjava\Users\Sankarakarthikeyan\.m2\repository\org\springframework\spring-expression\5.0.5.RELEASE\spring-expression-5.0.5.RELEASE.jar;C:\HybridFramework\Mavenjava\Users\Sankarakarthikeyan\.m2\repository\org\aspectj\aspectjweaver\1.9.1\aspectjweaver-1.9.1.jar;C:\HybridFramework\Mavenjava\Users\Sankarakarthikeyan\.m2\repository\org\openpnp\opencv\3.2.0-1\opencv-3.2.0-1.jar;"/>
    <property name="sun.cpu.endian" value="little"/>
    <property name="user.home" value="C:\Users\Sankarakarthikeyan"/>
    <property name="user.language" value="en"/>
    <property name="java.specification.vendor" value="Oracle Corporation"/>
    <property name="java.home" value="C:\Program Files\Java\jdk1.8.0_241\jre"/>
    <property name="basedir" value="C:\HybridFramework\Mavenjava"/>
    <property name="file.separator" value="\"/>
    <property name="line.separator" value="&#10;"/>
    <property name="java.vm.specification.vendor" value="Oracle Corporation"/>
    <property name="java.specification.name" value="Java Platform API Specification"/>
    <property name="java.awt.graphicsenv" value="sun.awt.Win32GraphicsEnvironment"/>
    <property name="surefire.real.class.path" value="C:\Users\Sankarakarthikeyan\AppData\Local\Temp\surefire4513355305155728191\surefirebooter8181825796166815860.jar"/>
    <property name="sun.boot.class.path" value="C:\Program Files\Java\jdk1.8.0_241\jre\lib\resources.jar;C:\Program Files\Java\jdk1.8.0_241\jre\lib\rt.jar;C:\Program Files\Java\jdk1.8.0_241\jre\lib\sunrsasign.jar;C:\Program Files\Java\jdk1.8.0_241\jre\lib\jsse.jar;C:\Program Files\Java\jdk1.8.0_241\jre\lib\jce.jar;C:\Program Files\Java\jdk1.8.0_241\jre\lib\charsets.jar;C:\Program Files\Java\jdk1.8.0_241\jre\lib\jfr.jar;C:\Program Files\Java\jdk1.8.0_241\jre\classes"/>
    <property name="user.script" value=""/>
    <property name="sun.management.compiler" value="HotSpot 64-Bit Tiered Compilers"/>
    <property name="java.runtime.version" value="1.8.0_241-b07"/>
    <property name="user.name" value="Sankarakarthikeyan"/>
    <property name="path.separator" value=";"/>
    <property name="os.version" value="10.0"/>
    <property name="java.endorsed.dirs" value="C:\Program Files\Java\jdk1.8.0_241\jre\lib\endorsed"/>
    <property name="java.runtime.name" value="Java(TM) SE Runtime Environment"/>
    <property name="file.encoding" value="Cp1252"/>
    <property name="java.vm.name" value="Java HotSpot(TM) 64-Bit Server VM"/>
    <property name="localRepository" value="C:\HybridFramework\Mavenjava\Users\Sankarakarthikeyan\.m2\repository"/>
    <property name="java.vendor.url.bug" value="http://bugreport.sun.com/bugreport/"/>
    <property name="java.io.tmpdir" value="C:\Users\SANKAR~1\AppData\Local\Temp\"/>
    <property name="java.version" value="1.8.0_241"/>
    <property name="user.dir" value="C:\HybridFramework\Mavenjava"/>
    <property name="os.arch" value="amd64"/>
    <property name="java.vm.specification.name" value="Java Virtual Machine Specification"/>
    <property name="java.awt.printerjob" value="sun.awt.windows.WPrinterJob"/>
    <property name="sun.os.patch.level" value=""/>
    <property name="java.library.path" value="C:\Program Files\Java\jdk1.8.0_241\jre\bin;C:\WINDOWS\Sun\Java\bin;C:\WINDOWS\system32;C:\WINDOWS;D:\Software\Maven\apache-maven-3.6.3-bin\apache-maven-3.6.3/bin;C:\Program Files\Java\jdk1.8.0_241/bin;C:\Program Files\Java\jdk1.8.0_241/bin;C:\Program Files (x86)\Common Files\Oracle\Java\javapath;C:\Program Files (x86)\Intel\iCLS Client\;C:\Program Files\Intel\iCLS Client\;C:\WINDOWS\system32;C:\WINDOWS;C:\WINDOWS\System32\Wbem;C:\WINDOWS\System32\WindowsPowerShell\v1.0\;C:\Program Files\Intel\Intel(R) Management Engine Components\DAL;C:\Program Files\Intel\Intel(R) Management Engine Components\IPT;C:\Program Files (x86)\Intel\Intel(R) Management Engine Components\DAL;C:\Program Files (x86)\Intel\Intel(R) Management Engine Components\IPT;C:\WINDOWS\System32\OpenSSH\;C:\Program Files\Java\jdk1.8.0_241\bin;D:\Software\Android_sdk\tools\bin;D:\Software\Android_sdk\tools\;D:\Software\Android_sdk\platform-tools;C:\Program Files\nodejs;C:\Program Files\nodejs\node_modules\npm\bin;C:\Program Files (x86)\Microsoft SQL Server\Client SDK\ODBC\130\Tools\Binn\;C:\Program Files (x86)\Microsoft SQL Server\140\Tools\Binn\;C:\Program Files (x86)\Microsoft SQL Server\140\DTS\Binn\;C:\Program Files (x86)\Microsoft SQL Server\140\Tools\Binn\ManagementStudio\;C:\Program Files\Microsoft SQL Server\Client SDK\ODBC\110\Tools\Binn\;C:\Program Files (x86)\Microsoft SQL Server\120\Tools\Binn\;C:\Program Files\Microsoft SQL Server\120\Tools\Binn\;C:\Program Files\Microsoft SQL Server\120\DTS\Binn\;C:\Program Files (x86)\Microsoft SQL Server\120\Tools\Binn\ManagementStudio\;C:\Program Files (x86)\Microsoft SQL Server\120\DTS\Binn\;D:\Software\Maven\apache-maven-3.6.3-bin\apache-maven-3.6.3\bin;C:\Program Files\nodejs\;C:\Users\Sankarakarthikeyan\AppData\Local\Microsoft\WindowsApps;C:\Users\Sankarakarthikeyan\AppData\Roaming\npm;."/>
    <property name="java.vm.info" value="mixed mode"/>
    <property name="java.vendor" value="Oracle Corporation"/>
    <property name="java.vm.version" value="25.241-b07"/>
    <property name="java.ext.dirs" value="C:\Program Files\Java\jdk1.8.0_241\jre\lib\ext;C:\WINDOWS\Sun\Java\lib\ext"/>
    <property name="sun.io.unicode.encoding" value="UnicodeLittle"/>
    <property name="java.class.version" value="52.0"/>
  </properties>
  <testcase name="deleteTwitter" classname="hellomaven.RestAPITest" time="0.012"/>
  <testcase name="postjira" classname="hellomaven.RestAPITest" time="0"/>
  <testcase name="browserAutomation" classname="hellomaven.seleniumTest" time="0"/>
  <testcase name="elementsUI" classname="hellomaven.seleniumTest" time="0"/>
</testsuite>