<?xml version="1.0" encoding="UTF-8"?>
<!-- Generated by org.testng.reporters.JUnitReportReporter -->
<testsuite skipped="0" hostname="KSK" name="hellomaven.seleniumTest" tests="2" failures="0" timestamp="01 Jun 2020 16:43:32 GMT" time="0.004" errors="0">
  <testcase name="browserAutomation" time="0.002" classname="hellomaven.seleniumTest"/>
  <testcase name="elementsUI" time="0.002" classname="hellomaven.seleniumTest"/>
</testsuite> <!-- hellomaven.seleniumTest -->
