<?xml version="1.0" encoding="UTF-8"?>
<!-- Generated by org.testng.reporters.JUnitReportReporter -->
<testsuite skipped="0" hostname="KSK" name="hellomaven.AppiumTest" tests="2" failures="0" timestamp="01 Jun 2020 16:43:32 GMT" time="0.005" errors="0">
  <testcase name="IOSApps" time="0.003" classname="hellomaven.AppiumTest"/>
  <testcase name="nativeAppAndroid" time="0.002" classname="hellomaven.AppiumTest"/>
</testsuite> <!-- hellomaven.AppiumTest -->
