<?xml version="1.0" encoding="UTF-8"?>
<!-- Generated by org.testng.reporters.JUnitReportReporter -->
<testsuite skipped="0" hostname="KSK" name="hellomaven.RestAPITest" tests="2" failures="0" timestamp="01 Jun 2020 16:43:32 GMT" time="0.019" errors="0">
  <testcase name="postjira" time="0.003" classname="hellomaven.RestAPITest"/>
  <testcase name="deleteTwitter" time="0.016" classname="hellomaven.RestAPITest"/>
</testsuite> <!-- hellomaven.RestAPITest -->
