<?xml version="1.0" encoding="UTF-8"?>
<!-- Generated by org.testng.reporters.JUnitReportReporter -->
<testsuite skipped="0" hostname="KSK" name="hellomaven.RestAPITest" tests="2" failures="0" timestamp="04 Jul 2020 14:06:12 GMT" time="0.012" errors="0">
  <testcase name="postjira" time="0.000" classname="hellomaven.RestAPITest"/>
  <testcase name="deleteTwitter" time="0.012" classname="hellomaven.RestAPITest"/>
</testsuite> <!-- hellomaven.RestAPITest -->
