<?xml version="1.0" encoding="UTF-8"?>
<!-- Generated by org.testng.reporters.JUnitReportReporter -->
<testsuite skipped="0" hostname="KSK" name="hellomaven.Testselenium" tests="2" failures="0" timestamp="01 Jun 2020 15:56:29 GMT" time="0.000" errors="0">
  <testcase name="browserAutomation" time="0.000" classname="hellomaven.Testselenium"/>
  <testcase name="elementsUI" time="0.000" classname="hellomaven.Testselenium"/>
</testsuite> <!-- hellomaven.Testselenium -->
