<?xml version="1.0" encoding="UTF-8"?>
<!-- Generated by org.testng.reporters.JUnitReportReporter -->
<testsuite skipped="0" hostname="KSK" name="hellomaven.AppiumTest" tests="2" failures="0" timestamp="04 Jun 2020 03:17:06 GMT" time="0.001" errors="0">
  <testcase name="IOSApps" time="0.000" classname="hellomaven.AppiumTest"/>
  <testcase name="nativeAppAndroid" time="0.001" classname="hellomaven.AppiumTest"/>
</testsuite> <!-- hellomaven.AppiumTest -->
