<?xml version="1.0" encoding="UTF-8"?>
<!-- Generated by org.testng.reporters.JUnitReportReporter -->
<testsuite skipped="0" hostname="KSK" name="hellomaven.seleniumTest" tests="2" failures="0" timestamp="04 Jul 2020 14:06:12 GMT" time="0.000" errors="0">
  <testcase name="elementsUI" time="0.000" classname="hellomaven.seleniumTest"/>
  <testcase name="browserAutomation" time="0.000" classname="hellomaven.seleniumTest"/>
</testsuite> <!-- hellomaven.seleniumTest -->
